model_config {'visual_input_size': 1024, 'query_input_size': 1024, 'hidden_size': 384, 'max_ctx_l': 64, 'max_desc_l': 30, 'map_size': 32, 'input_drop': 0.1, 'device': [0], 'drop': 0.1, 'n_heads': 4, 'initializer_range': 0.02, 'margin': 0.2, 'use_hard_negative': False, 'hard_pool_size': 20, 'pooling_ksize': 4, 'pooling_stride': 4, 'conv_ksize': 4, 'conv_stride': 1, 'num_gauss_center': 16, 'num_gauss_width': 10, 'width_lower_bound': 0.05, 'width_upper_bound': 1, 'window_size_inc': 1, 'max_epoch': 100, 'sigma': 9, 'gamma': 0, 'alpha1': 1, 'alpha2': 1, 'alpha3': 1, 'alpha4': 0.6, 'alpha5': 0.4, 'beta1': 1, 'beta2': 1, 'num_props': 8, 'clip_proposal': 'center_based', 'proposal_method': 'handcraft_width', 'shared_trans': 'true', 'intra_margin': 0.15, 'word_dim': 300, 'vocab_size': None, 'hard_negative_start_epoch': 20, 'eval_ngc': 32, 'eval_ngw': 10, 'props_topk': 1, 'warmup_epoch': 3}
['glance_inter_loss', 'gaze_inter_loss', 'gaze_intra_loss', 'saliency_loss', 'boundary_loss']
Start Training...
CUDA enabled.
use train_epoch func for training: True
************************************************************
******************** Eval epoch: 0********************
score_sum:
 * Text to Video:
 * r_1_5_10_100, medr, meanr: [1.1, 4.8, 8.4, 40.3]
 * recall sum: 54.6
 * mAP: 0.0397
 * ----------
----------------------------------------
VCMR results:
0.1-r1: 0.42
0.1-r10: 2.41
0.1-r100: 14.04
0.3-r1: 0.18
0.3-r10: 1.42
0.3-r100: 9.55
0.5-r1: 0.08
0.5-r10: 0.72
0.5-r100: 5.23
0.7-r1: 0.01
0.7-r10: 0.23
0.7-r100: 1.91
vcmr_sum_score: 36.19999999999999
****************************************

The checkpoint file has been updated.
use train_epoch func for training: True
************************************************************
******************** Eval epoch: 1********************
score_sum:
 * Text to Video:
 * r_1_5_10_100, medr, meanr: [3.2, 12.5, 20.6, 63.4]
 * recall sum: 99.6
 * mAP: 0.0898
 * ----------
----------------------------------------
VCMR results:
0.1-r1: 1.75
0.1-r10: 8.15
0.1-r100: 32.22
0.3-r1: 1.06
0.3-r10: 5.5
0.3-r100: 22.95
0.5-r1: 0.5
0.5-r10: 3.15
0.5-r100: 13.82
0.7-r1: 0.14
0.7-r10: 1.21
0.7-r100: 5.78
vcmr_sum_score: 96.22999999999999
****************************************

The checkpoint file has been updated.
use train_epoch func for training: True
************************************************************
******************** Eval epoch: 2********************
score_sum:
 * Text to Video:
 * r_1_5_10_100, medr, meanr: [3.9, 14.2, 23.5, 67.1]
 * recall sum: 108.7
 * mAP: 0.1023
 * ----------
----------------------------------------
VCMR results:
0.1-r1: 1.97
0.1-r10: 10.47
0.1-r100: 36.89
0.3-r1: 1.2
0.3-r10: 7.19
0.3-r100: 26.62
0.5-r1: 0.6
0.5-r10: 4.07
0.5-r100: 16.21
0.7-r1: 0.21
0.7-r10: 1.59
0.7-r100: 6.56
vcmr_sum_score: 113.58
****************************************

The checkpoint file has been updated.
use train_epoch func for training: True
************************************************************
******************** Eval epoch: 3********************
score_sum:
 * Text to Video:
 * r_1_5_10_100, medr, meanr: [4.0, 14.8, 24.3, 68.9]
 * recall sum: 112.0
 * mAP: 0.1063
 * ----------
----------------------------------------
VCMR results:
0.1-r1: 1.85
0.1-r10: 10.6
0.1-r100: 39.2
0.3-r1: 1.15
0.3-r10: 7.31
0.3-r100: 28.91
0.5-r1: 0.57
0.5-r10: 4.05
0.5-r100: 17.3
0.7-r1: 0.22
0.7-r10: 1.64
0.7-r100: 7.21
vcmr_sum_score: 120.00999999999999
****************************************

The checkpoint file has been updated.
use train_epoch func for training: True
************************************************************
******************** Eval epoch: 4********************
score_sum:
 * Text to Video:
 * r_1_5_10_100, medr, meanr: [4.3, 15.5, 25.2, 70.0]
 * recall sum: 115.0
 * mAP: 0.1115
 * ----------
----------------------------------------
VCMR results:
0.1-r1: 1.76
0.1-r10: 11.53
0.1-r100: 41.56
0.3-r1: 1.06
0.3-r10: 7.76
0.3-r100: 30.31
0.5-r1: 0.57
0.5-r10: 4.29
0.5-r100: 17.86
0.7-r1: 0.23
0.7-r10: 1.85
0.7-r100: 8.2
vcmr_sum_score: 126.98
****************************************

The checkpoint file has been updated.
use train_epoch func for training: True
************************************************************
******************** Eval epoch: 5********************
score_sum:
 * Text to Video:
 * r_1_5_10_100, medr, meanr: [4.3, 15.6, 25.3, 70.5]
 * recall sum: 115.7
 * mAP: 0.1123
 * ----------
----------------------------------------
VCMR results:
0.1-r1: 1.92
0.1-r10: 11.99
0.1-r100: 42.6
0.3-r1: 1.12
0.3-r10: 8.18
0.3-r100: 31.14
0.5-r1: 0.56
0.5-r10: 4.42
0.5-r100: 17.88
0.7-r1: 0.24
0.7-r10: 1.84
0.7-r100: 8.23
vcmr_sum_score: 130.12
****************************************

The checkpoint file has been updated.
use train_epoch func for training: True
************************************************************
******************** Eval epoch: 6********************
score_sum:
 * Text to Video:
 * r_1_5_10_100, medr, meanr: [5.0, 17.1, 26.9, 71.1]
 * recall sum: 120.1
 * mAP: 0.1216
 * ----------
----------------------------------------
VCMR results:
0.1-r1: 2.39
0.1-r10: 13.24
0.1-r100: 45.05
0.3-r1: 1.5
0.3-r10: 9.28
0.3-r100: 33.77
0.5-r1: 0.77
0.5-r10: 5.05
0.5-r100: 19.41
0.7-r1: 0.28
0.7-r10: 2.16
0.7-r100: 8.78
vcmr_sum_score: 141.67999999999998
****************************************

The checkpoint file has been updated.
use train_epoch func for training: True
************************************************************
******************** Eval epoch: 7********************
score_sum:
 * Text to Video:
 * r_1_5_10_100, medr, meanr: [5.2, 17.4, 27.6, 72.0]
 * recall sum: 122.2
 * mAP: 0.1249
 * ----------
----------------------------------------
VCMR results:
0.1-r1: 2.55
0.1-r10: 13.79
0.1-r100: 46.83
0.3-r1: 1.61
0.3-r10: 9.84
0.3-r100: 35.31
0.5-r1: 0.78
0.5-r10: 5.21
0.5-r100: 19.42
0.7-r1: 0.32
0.7-r10: 2.25
0.7-r100: 8.51
vcmr_sum_score: 146.42
****************************************

The checkpoint file has been updated.
use train_epoch func for training: True
************************************************************
******************** Eval epoch: 8********************
score_sum:
 * Text to Video:
 * r_1_5_10_100, medr, meanr: [5.5, 17.7, 28.0, 72.4]
 * recall sum: 123.6
 * mAP: 0.1278
 * ----------
----------------------------------------
VCMR results:
0.1-r1: 2.74
0.1-r10: 14.05
0.1-r100: 47.53
0.3-r1: 1.8
0.3-r10: 10.09
0.3-r100: 35.82
0.5-r1: 0.88
0.5-r10: 5.27
0.5-r100: 19.79
0.7-r1: 0.35
0.7-r10: 2.18
0.7-r100: 8.77
vcmr_sum_score: 149.27
****************************************

The checkpoint file has been updated.
use train_epoch func for training: True
************************************************************
******************** Eval epoch: 9********************
score_sum:
 * Text to Video:
 * r_1_5_10_100, medr, meanr: [5.4, 17.8, 28.4, 72.9]
 * recall sum: 124.5
 * mAP: 0.1287
 * ----------
----------------------------------------
VCMR results:
0.1-r1: 2.88
0.1-r10: 14.31
0.1-r100: 48.0
0.3-r1: 1.89
0.3-r10: 10.18
0.3-r100: 36.5
0.5-r1: 0.94
0.5-r10: 5.35
0.5-r100: 20.02
0.7-r1: 0.44
0.7-r10: 2.34
0.7-r100: 8.91
vcmr_sum_score: 151.76
****************************************

The checkpoint file has been updated.
use train_epoch func for training: True
************************************************************
******************** Eval epoch: 10********************
score_sum:
 * Text to Video:
 * r_1_5_10_100, medr, meanr: [5.7, 18.2, 29.1, 73.6]
 * recall sum: 126.7
 * mAP: 0.1324
 * ----------
----------------------------------------
VCMR results:
0.1-r1: 2.86
0.1-r10: 15.18
0.1-r100: 49.25
0.3-r1: 1.9
0.3-r10: 10.79
0.3-r100: 37.48
0.5-r1: 0.98
0.5-r10: 5.68
0.5-r100: 20.36
0.7-r1: 0.43
0.7-r10: 2.46
0.7-r100: 9.41
vcmr_sum_score: 156.77999999999997
****************************************

The checkpoint file has been updated.
use train_epoch func for training: True
************************************************************
******************** Eval epoch: 11********************
score_sum:
 * Text to Video:
 * r_1_5_10_100, medr, meanr: [5.5, 18.5, 29.2, 73.3]
 * recall sum: 126.5
 * mAP: 0.1314
 * ----------
----------------------------------------
VCMR results:
0.1-r1: 2.76
0.1-r10: 14.87
0.1-r100: 49.12
0.3-r1: 1.82
0.3-r10: 10.6
0.3-r100: 37.42
0.5-r1: 0.9
0.5-r10: 5.63
0.5-r100: 20.55
0.7-r1: 0.37
0.7-r10: 2.48
0.7-r100: 9.25
vcmr_sum_score: 155.76999999999998
****************************************

use train_epoch func for training: True
************************************************************
******************** Eval epoch: 12********************
score_sum:
 * Text to Video:
 * r_1_5_10_100, medr, meanr: [5.5, 18.9, 29.9, 74.3]
 * recall sum: 128.5
 * mAP: 0.1335
 * ----------
----------------------------------------
VCMR results:
0.1-r1: 2.84
0.1-r10: 15.24
0.1-r100: 50.14
0.3-r1: 1.81
0.3-r10: 10.99
0.3-r100: 38.2
0.5-r1: 0.95
0.5-r10: 5.84
0.5-r100: 21.06
0.7-r1: 0.39
0.7-r10: 2.55
0.7-r100: 9.52
vcmr_sum_score: 159.53
****************************************

The checkpoint file has been updated.
use train_epoch func for training: True
************************************************************
******************** Eval epoch: 13********************
score_sum:
 * Text to Video:
 * r_1_5_10_100, medr, meanr: [5.8, 18.7, 29.9, 73.9]
 * recall sum: 128.4
 * mAP: 0.1353
 * ----------
----------------------------------------
VCMR results:
0.1-r1: 2.9
0.1-r10: 15.57
0.1-r100: 49.77
0.3-r1: 1.89
0.3-r10: 11.18
0.3-r100: 38.05
0.5-r1: 0.84
0.5-r10: 5.99
0.5-r100: 20.83
0.7-r1: 0.37
0.7-r10: 2.63
0.7-r100: 9.4
vcmr_sum_score: 159.42
****************************************

use train_epoch func for training: True
************************************************************
******************** Eval epoch: 14********************
score_sum:
 * Text to Video:
 * r_1_5_10_100, medr, meanr: [5.7, 19.0, 29.9, 74.3]
 * recall sum: 128.9
 * mAP: 0.135
 * ----------
----------------------------------------
VCMR results:
0.1-r1: 2.96
0.1-r10: 15.57
0.1-r100: 50.45
0.3-r1: 1.96
0.3-r10: 11.16
0.3-r100: 38.66
0.5-r1: 0.99
0.5-r10: 5.86
0.5-r100: 21.42
0.7-r1: 0.39
0.7-r10: 2.48
0.7-r100: 9.69
vcmr_sum_score: 161.58999999999995
****************************************

The checkpoint file has been updated.
use train_epoch func for training: True
************************************************************
******************** Eval epoch: 15********************
score_sum:
 * Text to Video:
 * r_1_5_10_100, medr, meanr: [5.9, 19.2, 30.3, 74.3]
 * recall sum: 129.7
 * mAP: 0.1368
 * ----------
----------------------------------------
VCMR results:
0.1-r1: 2.94
0.1-r10: 15.83
0.1-r100: 50.65
0.3-r1: 1.93
0.3-r10: 11.24
0.3-r100: 38.27
0.5-r1: 1.01
0.5-r10: 5.89
0.5-r100: 20.81
0.7-r1: 0.46
0.7-r10: 2.69
0.7-r100: 9.64
vcmr_sum_score: 161.36
****************************************

use train_epoch func for training: True
************************************************************
******************** Eval epoch: 16********************
score_sum:
 * Text to Video:
 * r_1_5_10_100, medr, meanr: [5.9, 19.5, 30.5, 74.4]
 * recall sum: 130.3
 * mAP: 0.1382
 * ----------
----------------------------------------
VCMR results:
0.1-r1: 2.95
0.1-r10: 15.6
0.1-r100: 50.43
0.3-r1: 1.92
0.3-r10: 11.13
0.3-r100: 38.32
0.5-r1: 0.95
0.5-r10: 5.99
0.5-r100: 21.36
0.7-r1: 0.39
0.7-r10: 2.74
0.7-r100: 9.71
vcmr_sum_score: 161.48999999999998
****************************************

The checkpoint file has been updated.
use train_epoch func for training: True
************************************************************
******************** Eval epoch: 17********************
score_sum:
 * Text to Video:
 * r_1_5_10_100, medr, meanr: [5.6, 19.3, 30.4, 74.3]
 * recall sum: 129.6
 * mAP: 0.1358
 * ----------
----------------------------------------
VCMR results:
0.1-r1: 2.88
0.1-r10: 15.71
0.1-r100: 50.6
0.3-r1: 1.9
0.3-r10: 11.19
0.3-r100: 38.44
0.5-r1: 0.91
0.5-r10: 5.9
0.5-r100: 21.41
0.7-r1: 0.38
0.7-r10: 2.72
0.7-r100: 9.81
vcmr_sum_score: 161.85
****************************************

use train_epoch func for training: True
************************************************************
******************** Eval epoch: 18********************
score_sum:
 * Text to Video:
 * r_1_5_10_100, medr, meanr: [5.6, 19.3, 30.3, 74.0]
 * recall sum: 129.3
 * mAP: 0.1361
 * ----------
----------------------------------------
VCMR results:
0.1-r1: 2.89
0.1-r10: 15.61
0.1-r100: 50.09
0.3-r1: 1.89
0.3-r10: 11.08
0.3-r100: 38.16
0.5-r1: 0.87
0.5-r10: 5.81
0.5-r100: 20.99
0.7-r1: 0.39
0.7-r10: 2.66
0.7-r100: 9.42
vcmr_sum_score: 159.85999999999999
****************************************

use train_epoch func for training: True
************************************************************
******************** Eval epoch: 19********************
score_sum:
 * Text to Video:
 * r_1_5_10_100, medr, meanr: [5.8, 19.3, 30.2, 73.9]
 * recall sum: 129.4
 * mAP: 0.1371
 * ----------
----------------------------------------
VCMR results:
0.1-r1: 2.95
0.1-r10: 15.62
0.1-r100: 49.54
0.3-r1: 1.9
0.3-r10: 11.03
0.3-r100: 37.67
0.5-r1: 0.93
0.5-r10: 5.81
0.5-r100: 20.66
0.7-r1: 0.44
0.7-r10: 2.81
0.7-r100: 9.5
vcmr_sum_score: 158.86
****************************************

use train_epoch func for training: True
************************************************************
******************** Eval epoch: 20********************
score_sum:
 * Text to Video:
 * r_1_5_10_100, medr, meanr: [6.3, 20.4, 31.7, 75.0]
 * recall sum: 133.4
 * mAP: 0.144
 * ----------
----------------------------------------
VCMR results:
0.1-r1: 3.18
0.1-r10: 16.45
0.1-r100: 50.79
0.3-r1: 1.97
0.3-r10: 11.79
0.3-r100: 38.79
0.5-r1: 0.96
0.5-r10: 6.25
0.5-r100: 21.67
0.7-r1: 0.45
0.7-r10: 2.72
0.7-r100: 9.71
vcmr_sum_score: 164.73000000000002
****************************************

The checkpoint file has been updated.
use train_epoch func for training: True
************************************************************
******************** Eval epoch: 21********************
score_sum:
 * Text to Video:
 * r_1_5_10_100, medr, meanr: [6.2, 19.8, 31.6, 75.0]
 * recall sum: 132.6
 * mAP: 0.1424
 * ----------
----------------------------------------
VCMR results:
0.1-r1: 3.32
0.1-r10: 16.52
0.1-r100: 51.15
0.3-r1: 2.18
0.3-r10: 11.74
0.3-r100: 39.02
0.5-r1: 1.06
0.5-r10: 6.07
0.5-r100: 21.55
0.7-r1: 0.47
0.7-r10: 2.69
0.7-r100: 9.69
vcmr_sum_score: 165.46
****************************************

use train_epoch func for training: True
************************************************************
******************** Eval epoch: 22********************
score_sum:
 * Text to Video:
 * r_1_5_10_100, medr, meanr: [6.1, 20.2, 31.5, 75.0]
 * recall sum: 132.9
 * mAP: 0.142
 * ----------
----------------------------------------
VCMR results:
0.1-r1: 3.21
0.1-r10: 16.4
0.1-r100: 50.79
0.3-r1: 2.07
0.3-r10: 11.76
0.3-r100: 38.62
0.5-r1: 0.99
0.5-r10: 6.12
0.5-r100: 21.34
0.7-r1: 0.37
0.7-r10: 2.62
0.7-r100: 9.67
vcmr_sum_score: 163.95999999999998
****************************************

use train_epoch func for training: True
************************************************************
******************** Eval epoch: 23********************
score_sum:
 * Text to Video:
 * r_1_5_10_100, medr, meanr: [6.1, 20.2, 31.7, 75.1]
 * recall sum: 133.1
 * mAP: 0.1418
 * ----------
----------------------------------------
VCMR results:
0.1-r1: 3.21
0.1-r10: 16.34
0.1-r100: 50.85
0.3-r1: 2.09
0.3-r10: 11.88
0.3-r100: 38.75
0.5-r1: 1.01
0.5-r10: 6.23
0.5-r100: 21.48
0.7-r1: 0.37
0.7-r10: 2.7
0.7-r100: 9.73
vcmr_sum_score: 164.64
****************************************

use train_epoch func for training: True
************************************************************
******************** Eval epoch: 24********************
score_sum:
 * Text to Video:
 * r_1_5_10_100, medr, meanr: [6.2, 20.5, 31.7, 75.0]
 * recall sum: 133.4
 * mAP: 0.1433
 * ----------
----------------------------------------
VCMR results:
0.1-r1: 3.25
0.1-r10: 16.21
0.1-r100: 50.99
0.3-r1: 2.04
0.3-r10: 11.71
0.3-r100: 39.18
0.5-r1: 0.92
0.5-r10: 6.11
0.5-r100: 21.64
0.7-r1: 0.41
0.7-r10: 2.8
0.7-r100: 9.84
vcmr_sum_score: 165.10000000000002
****************************************

use train_epoch func for training: True
************************************************************
******************** Eval epoch: 25********************
score_sum:
 * Text to Video:
 * r_1_5_10_100, medr, meanr: [6.2, 20.5, 31.6, 74.8]
 * recall sum: 133.1
 * mAP: 0.1433
 * ----------
----------------------------------------
VCMR results:
0.1-r1: 3.4
0.1-r10: 16.77
0.1-r100: 50.7
0.3-r1: 2.2
0.3-r10: 12.12
0.3-r100: 38.82
0.5-r1: 1.06
0.5-r10: 6.35
0.5-r100: 21.55
0.7-r1: 0.46
0.7-r10: 2.88
0.7-r100: 9.88
vcmr_sum_score: 166.19000000000003
****************************************

The checkpoint file has been updated.
use train_epoch func for training: True
************************************************************
******************** Eval epoch: 26********************
score_sum:
 * Text to Video:
 * r_1_5_10_100, medr, meanr: [6.1, 20.6, 31.7, 74.9]
 * recall sum: 133.3
 * mAP: 0.1433
 * ----------
----------------------------------------
VCMR results:
0.1-r1: 3.4
0.1-r10: 16.54
0.1-r100: 50.98
0.3-r1: 2.27
0.3-r10: 11.86
0.3-r100: 38.98
0.5-r1: 1.06
0.5-r10: 6.25
0.5-r100: 21.77
0.7-r1: 0.46
0.7-r10: 2.88
0.7-r100: 10.05
vcmr_sum_score: 166.5
****************************************

The checkpoint file has been updated.
use train_epoch func for training: True
************************************************************
******************** Eval epoch: 27********************
score_sum:
 * Text to Video:
 * r_1_5_10_100, medr, meanr: [6.1, 20.3, 31.9, 74.9]
 * recall sum: 133.3
 * mAP: 0.1429
 * ----------
----------------------------------------
VCMR results:
0.1-r1: 3.35
0.1-r10: 16.4
0.1-r100: 50.65
0.3-r1: 2.14
0.3-r10: 11.92
0.3-r100: 38.81
0.5-r1: 1.07
0.5-r10: 6.27
0.5-r100: 21.42
0.7-r1: 0.46
0.7-r10: 2.91
0.7-r100: 9.93
vcmr_sum_score: 165.33000000000004
****************************************

use train_epoch func for training: True
************************************************************
******************** Eval epoch: 28********************
score_sum:
 * Text to Video:
 * r_1_5_10_100, medr, meanr: [6.1, 20.4, 32.1, 74.8]
 * recall sum: 133.4
 * mAP: 0.1429
 * ----------
----------------------------------------
VCMR results:
0.1-r1: 3.15
0.1-r10: 16.49
0.1-r100: 50.79
0.3-r1: 2.09
0.3-r10: 11.83
0.3-r100: 38.98
0.5-r1: 0.98
0.5-r10: 6.22
0.5-r100: 21.7
0.7-r1: 0.39
0.7-r10: 2.85
0.7-r100: 9.93
vcmr_sum_score: 165.39999999999998
****************************************

use train_epoch func for training: True
************************************************************
******************** Eval epoch: 29********************
score_sum:
 * Text to Video:
 * r_1_5_10_100, medr, meanr: [6.0, 20.3, 32.1, 74.9]
 * recall sum: 133.2
 * mAP: 0.1423
 * ----------
----------------------------------------
VCMR results:
0.1-r1: 3.22
0.1-r10: 16.55
0.1-r100: 50.73
0.3-r1: 2.13
0.3-r10: 12.01
0.3-r100: 38.88
0.5-r1: 0.98
0.5-r10: 6.3
0.5-r100: 21.68
0.7-r1: 0.43
0.7-r10: 2.95
0.7-r100: 10.01
vcmr_sum_score: 165.87
****************************************

use train_epoch func for training: True
************************************************************
******************** Eval epoch: 30********************
score_sum:
 * Text to Video:
 * r_1_5_10_100, medr, meanr: [6.2, 20.4, 31.9, 74.7]
 * recall sum: 133.1
 * mAP: 0.1434
 * ----------
----------------------------------------
VCMR results:
0.1-r1: 3.35
0.1-r10: 16.42
0.1-r100: 50.66
0.3-r1: 2.18
0.3-r10: 12.0
0.3-r100: 38.84
0.5-r1: 1.08
0.5-r10: 6.27
0.5-r100: 21.88
0.7-r1: 0.46
0.7-r10: 2.86
0.7-r100: 9.9
vcmr_sum_score: 165.90000000000003
****************************************

use train_epoch func for training: True
************************************************************
******************** Eval epoch: 31********************
score_sum:
 * Text to Video:
 * r_1_5_10_100, medr, meanr: [6.1, 20.2, 32.1, 74.7]
 * recall sum: 133.1
 * mAP: 0.1426
 * ----------
----------------------------------------
VCMR results:
0.1-r1: 3.1
0.1-r10: 16.18
0.1-r100: 50.14
0.3-r1: 2.05
0.3-r10: 11.66
0.3-r100: 38.2
0.5-r1: 1.0
0.5-r10: 6.14
0.5-r100: 21.12
0.7-r1: 0.41
0.7-r10: 2.88
0.7-r100: 9.74
vcmr_sum_score: 162.62
****************************************

use train_epoch func for training: True
************************************************************
******************** Eval epoch: 32********************
score_sum:
 * Text to Video:
 * r_1_5_10_100, medr, meanr: [6.2, 20.4, 32.0, 74.8]
 * recall sum: 133.4
 * mAP: 0.1441
 * ----------
----------------------------------------
VCMR results:
0.1-r1: 3.32
0.1-r10: 16.36
0.1-r100: 50.36
0.3-r1: 2.21
0.3-r10: 11.79
0.3-r100: 38.51
0.5-r1: 1.07
0.5-r10: 6.17
0.5-r100: 21.61
0.7-r1: 0.43
0.7-r10: 2.89
0.7-r100: 9.74
vcmr_sum_score: 164.45999999999998
****************************************

use train_epoch func for training: True
************************************************************
******************** Eval epoch: 33********************
score_sum:
 * Text to Video:
 * r_1_5_10_100, medr, meanr: [6.2, 20.7, 32.2, 74.7]
 * recall sum: 133.8
 * mAP: 0.1444
 * ----------
----------------------------------------
VCMR results:
0.1-r1: 3.31
0.1-r10: 16.5
0.1-r100: 50.34
0.3-r1: 2.18
0.3-r10: 11.84
0.3-r100: 38.49
0.5-r1: 1.02
0.5-r10: 6.28
0.5-r100: 21.65
0.7-r1: 0.45
0.7-r10: 2.92
0.7-r100: 9.71
vcmr_sum_score: 164.69
****************************************

use train_epoch func for training: True
************************************************************
******************** Eval epoch: 34********************
score_sum:
 * Text to Video:
 * r_1_5_10_100, medr, meanr: [6.1, 20.4, 31.8, 74.6]
 * recall sum: 133.0
 * mAP: 0.1432
 * ----------
----------------------------------------
VCMR results:
0.1-r1: 3.19
0.1-r10: 16.19
0.1-r100: 50.16
0.3-r1: 2.15
0.3-r10: 11.55
0.3-r100: 38.5
0.5-r1: 1.01
0.5-r10: 6.06
0.5-r100: 21.28
0.7-r1: 0.44
0.7-r10: 2.9
0.7-r100: 9.71
vcmr_sum_score: 163.14000000000001
****************************************

use train_epoch func for training: True
************************************************************
******************** Eval epoch: 35********************
score_sum:
 * Text to Video:
 * r_1_5_10_100, medr, meanr: [6.1, 20.5, 32.2, 74.6]
 * recall sum: 133.4
 * mAP: 0.1436
 * ----------
----------------------------------------
VCMR results:
0.1-r1: 3.36
0.1-r10: 16.59
0.1-r100: 50.17
0.3-r1: 2.25
0.3-r10: 11.9
0.3-r100: 38.48
0.5-r1: 1.07
0.5-r10: 6.36
0.5-r100: 21.43
0.7-r1: 0.42
0.7-r10: 2.99
0.7-r100: 9.73
vcmr_sum_score: 164.75
****************************************

use train_epoch func for training: True
************************************************************
******************** Eval epoch: 36********************
score_sum:
 * Text to Video:
 * r_1_5_10_100, medr, meanr: [6.0, 20.2, 32.0, 74.3]
 * recall sum: 132.5
 * mAP: 0.1418
 * ----------
----------------------------------------
VCMR results:
0.1-r1: 3.21
0.1-r10: 16.18
0.1-r100: 50.04
0.3-r1: 2.09
0.3-r10: 11.59
0.3-r100: 38.23
0.5-r1: 0.98
0.5-r10: 6.23
0.5-r100: 21.44
0.7-r1: 0.43
0.7-r10: 2.95
0.7-r100: 9.71
vcmr_sum_score: 163.08
****************************************

use train_epoch func for training: True
************************************************************
******************** Eval epoch: 37********************
score_sum:
 * Text to Video:
 * r_1_5_10_100, medr, meanr: [6.0, 20.3, 31.9, 74.6]
 * recall sum: 132.8
 * mAP: 0.142
 * ----------
----------------------------------------
VCMR results:
0.1-r1: 3.07
0.1-r10: 16.04
0.1-r100: 49.82
0.3-r1: 1.88
0.3-r10: 11.39
0.3-r100: 38.18
0.5-r1: 0.86
0.5-r10: 6.01
0.5-r100: 21.29
0.7-r1: 0.36
0.7-r10: 2.86
0.7-r100: 9.57
vcmr_sum_score: 161.33
****************************************




FINISHED TRAINING!!!
Evaluating model in 2024_09_02_14_41_04-activitynet-fawl
Input args ['--collection', 'activitynet', '--visual_feature', 'i3d', '--root_path', 'data/', '--dset_name', 'activitynet', '--exp_id', 'fawl', '--clip_scale_w', '0.4', '--frame_scale_w', '0.6', '--device_ids', '0', '--eval_context_bsz', '500', '--eval_query_bsz', '500', '--margin', '0.2', '--num_gauss_center', '16', '--num_gauss_width', '10', '--intra_margin', '0.15', '--max_ctx_l', '64', '--warmup_epoch', '3', '--alpha4', '0.6', '--alpha5', '0.4']
Setup config, data and model...
Loaded model saved at epoch 26 from checkpoint: data/activitynet/results/VCMR/2024_09_02_14_41_04-activitynet-fawl/model.ckpt
CUDA enabled.
Starting inference...
************************************************************
******************** Eval epoch: 999********************
score_sum:
 * Text to Video:
 * r_1_5_10_100, medr, meanr: [6.1, 20.6, 31.7, 74.9]
 * recall sum: 133.3
 * mAP: 0.1433
 * ----------
----------------------------------------
VCMR results:
0.1-r1: 3.4
0.1-r10: 16.54
0.1-r100: 50.98
0.3-r1: 2.27
0.3-r10: 11.86
0.3-r100: 38.98
0.5-r1: 1.06
0.5-r10: 6.25
0.5-r100: 21.77
0.7-r1: 0.46
0.7-r10: 2.88
0.7-r100: 10.05
vcmr_sum_score: 166.5
****************************************

