model_config {'visual_input_size': 1024, 'query_input_size': 1024, 'hidden_size': 384, 'max_ctx_l': 64, 'max_desc_l': 30, 'map_size': 32, 'input_drop': 0.1, 'device': [1], 'drop': 0.1, 'n_heads': 4, 'initializer_range': 0.02, 'margin': 0.2, 'use_hard_negative': False, 'hard_pool_size': 20, 'pooling_ksize': 4, 'pooling_stride': 4, 'conv_ksize': 4, 'conv_stride': 1, 'num_gauss_center': 16, 'num_gauss_width': 10, 'width_lower_bound': 0.05, 'width_upper_bound': 1, 'window_size_inc': 1, 'max_epoch': 100, 'sigma': 9, 'gamma': 0, 'alpha1': 1, 'alpha2': 1, 'alpha3': 1, 'alpha4': 1.0, 'alpha5': 1.0, 'beta1': 1, 'beta2': 1, 'num_props': 8, 'clip_proposal': 'center_based', 'proposal_method': 'handcraft_width', 'shared_trans': 'true', 'intra_margin': 0.2, 'word_dim': 300, 'vocab_size': None, 'hard_negative_start_epoch': 20, 'eval_ngc': 32, 'eval_ngw': 10, 'props_topk': 1, 'warmup_epoch': 7}
['glance_inter_loss', 'gaze_inter_loss', 'gaze_intra_loss', 'saliency_loss', 'boundary_loss']
Start Training...
CUDA enabled.
use train_epoch func for training: True
************************************************************
******************** Eval epoch: 0********************
score_sum:
 * Text to Video:
 * r_1_5_10_100, medr, meanr: [0.2, 0.4, 0.9, 9.2]
 * recall sum: 10.7
 * mAP: 0.0076
 * ----------
----------------------------------------
VCMR results:
0.1-r1: 0.08
0.1-r10: 0.43
0.1-r100: 1.94
0.3-r1: 0.05
0.3-r10: 0.19
0.3-r100: 1.29
0.5-r1: 0.0
0.5-r10: 0.11
0.5-r100: 0.78
0.7-r1: 0.0
0.7-r10: 0.08
0.7-r100: 0.51
vcmr_sum_score: 5.46
****************************************

The checkpoint file has been updated.
use train_epoch func for training: True
************************************************************
******************** Eval epoch: 1********************
score_sum:
 * Text to Video:
 * r_1_5_10_100, medr, meanr: [0.2, 0.7, 1.4, 15.9]
 * recall sum: 18.1
 * mAP: 0.0106
 * ----------
----------------------------------------
VCMR results:
0.1-r1: 0.08
0.1-r10: 0.48
0.1-r100: 3.6
0.3-r1: 0.0
0.3-r10: 0.43
0.3-r100: 2.88
0.5-r1: 0.0
0.5-r10: 0.3
0.5-r100: 1.88
0.7-r1: 0.0
0.7-r10: 0.03
0.7-r100: 0.94
vcmr_sum_score: 10.619999999999997
****************************************

The checkpoint file has been updated.
use train_epoch func for training: True
************************************************************
******************** Eval epoch: 2********************
score_sum:
 * Text to Video:
 * r_1_5_10_100, medr, meanr: [0.5, 1.7, 3.2, 23.0]
 * recall sum: 28.4
 * mAP: 0.0186
 * ----------
----------------------------------------
VCMR results:
0.1-r1: 0.16
0.1-r10: 0.99
0.1-r100: 7.82
0.3-r1: 0.16
0.3-r10: 0.75
0.3-r100: 6.4
0.5-r1: 0.0
0.5-r10: 0.43
0.5-r100: 4.22
0.7-r1: 0.0
0.7-r10: 0.08
0.7-r100: 1.88
vcmr_sum_score: 22.889999999999997
****************************************

The checkpoint file has been updated.
use train_epoch func for training: True
************************************************************
******************** Eval epoch: 3********************
score_sum:
 * Text to Video:
 * r_1_5_10_100, medr, meanr: [0.5, 2.8, 5.4, 30.5]
 * recall sum: 39.2
 * mAP: 0.0263
 * ----------
----------------------------------------
VCMR results:
0.1-r1: 0.27
0.1-r10: 2.34
0.1-r100: 13.55
0.3-r1: 0.19
0.3-r10: 1.91
0.3-r100: 11.37
0.5-r1: 0.13
0.5-r10: 1.37
0.5-r100: 8.31
0.7-r1: 0.03
0.7-r10: 0.51
0.7-r100: 4.03
vcmr_sum_score: 44.010000000000005
****************************************

The checkpoint file has been updated.
use train_epoch func for training: True
************************************************************
******************** Eval epoch: 4********************
score_sum:
 * Text to Video:
 * r_1_5_10_100, medr, meanr: [0.9, 4.0, 7.5, 36.7]
 * recall sum: 49.1
 * mAP: 0.0344
 * ----------
----------------------------------------
VCMR results:
0.1-r1: 0.73
0.1-r10: 2.93
0.1-r100: 15.75
0.3-r1: 0.4
0.3-r10: 2.58
0.3-r100: 13.49
0.5-r1: 0.35
0.5-r10: 1.85
0.5-r100: 10.22
0.7-r1: 0.05
0.7-r10: 0.73
0.7-r100: 4.95
vcmr_sum_score: 54.03
****************************************

The checkpoint file has been updated.
use train_epoch func for training: True
************************************************************
******************** Eval epoch: 5********************
score_sum:
 * Text to Video:
 * r_1_5_10_100, medr, meanr: [1.2, 4.9, 8.7, 39.0]
 * recall sum: 53.7
 * mAP: 0.0409
 * ----------
----------------------------------------
VCMR results:
0.1-r1: 0.75
0.1-r10: 4.38
0.1-r100: 19.14
0.3-r1: 0.62
0.3-r10: 3.71
0.3-r100: 17.2
0.5-r1: 0.46
0.5-r10: 2.85
0.5-r100: 13.47
0.7-r1: 0.22
0.7-r10: 1.4
0.7-r100: 7.02
vcmr_sum_score: 71.22
****************************************

The checkpoint file has been updated.
use train_epoch func for training: True
************************************************************
******************** Eval epoch: 6********************
score_sum:
 * Text to Video:
 * r_1_5_10_100, medr, meanr: [1.1, 4.4, 8.3, 41.3]
 * recall sum: 55.1
 * mAP: 0.0395
 * ----------
----------------------------------------
VCMR results:
0.1-r1: 0.73
0.1-r10: 4.11
0.1-r100: 22.42
0.3-r1: 0.59
0.3-r10: 3.71
0.3-r100: 20.32
0.5-r1: 0.43
0.5-r10: 2.9
0.5-r100: 16.37
0.7-r1: 0.24
0.7-r10: 1.48
0.7-r100: 8.66
vcmr_sum_score: 81.96
****************************************

The checkpoint file has been updated.
use train_epoch func for training: True
************************************************************
******************** Eval epoch: 7********************
score_sum:
 * Text to Video:
 * r_1_5_10_100, medr, meanr: [1.2, 5.3, 8.8, 43.3]
 * recall sum: 58.6
 * mAP: 0.0419
 * ----------
----------------------------------------
VCMR results:
0.1-r1: 0.83
0.1-r10: 4.62
0.1-r100: 24.7
0.3-r1: 0.67
0.3-r10: 4.14
0.3-r100: 22.39
0.5-r1: 0.51
0.5-r10: 3.47
0.5-r100: 17.74
0.7-r1: 0.22
0.7-r10: 1.69
0.7-r100: 9.89
vcmr_sum_score: 90.86999999999999
****************************************

The checkpoint file has been updated.
use train_epoch func for training: True
************************************************************
******************** Eval epoch: 8********************
score_sum:
 * Text to Video:
 * r_1_5_10_100, medr, meanr: [1.2, 5.3, 9.4, 43.8]
 * recall sum: 59.7
 * mAP: 0.0432
 * ----------
----------------------------------------
VCMR results:
0.1-r1: 0.94
0.1-r10: 4.84
0.1-r100: 26.51
0.3-r1: 0.83
0.3-r10: 4.41
0.3-r100: 24.38
0.5-r1: 0.56
0.5-r10: 3.55
0.5-r100: 19.92
0.7-r1: 0.27
0.7-r10: 1.94
0.7-r100: 10.75
vcmr_sum_score: 98.89999999999999
****************************************

The checkpoint file has been updated.
use train_epoch func for training: True
************************************************************
******************** Eval epoch: 9********************
score_sum:
 * Text to Video:
 * r_1_5_10_100, medr, meanr: [1.1, 5.0, 8.9, 44.4]
 * recall sum: 59.4
 * mAP: 0.0422
 * ----------
----------------------------------------
VCMR results:
0.1-r1: 0.86
0.1-r10: 5.78
0.1-r100: 27.88
0.3-r1: 0.65
0.3-r10: 5.27
0.3-r100: 25.54
0.5-r1: 0.51
0.5-r10: 4.3
0.5-r100: 20.65
0.7-r1: 0.19
0.7-r10: 2.23
0.7-r100: 10.67
vcmr_sum_score: 104.53
****************************************

The checkpoint file has been updated.
use train_epoch func for training: True
************************************************************
******************** Eval epoch: 10********************
score_sum:
 * Text to Video:
 * r_1_5_10_100, medr, meanr: [1.4, 5.2, 9.1, 44.9]
 * recall sum: 60.6
 * mAP: 0.0445
 * ----------
----------------------------------------
VCMR results:
0.1-r1: 0.94
0.1-r10: 5.4
0.1-r100: 28.63
0.3-r1: 0.86
0.3-r10: 4.92
0.3-r100: 26.26
0.5-r1: 0.75
0.5-r10: 4.22
0.5-r100: 21.42
0.7-r1: 0.3
0.7-r10: 2.31
0.7-r100: 11.75
vcmr_sum_score: 107.76
****************************************

The checkpoint file has been updated.
use train_epoch func for training: True
************************************************************
******************** Eval epoch: 11********************
score_sum:
 * Text to Video:
 * r_1_5_10_100, medr, meanr: [1.3, 5.7, 9.9, 45.4]
 * recall sum: 62.3
 * mAP: 0.0454
 * ----------
----------------------------------------
VCMR results:
0.1-r1: 0.94
0.1-r10: 5.7
0.1-r100: 29.06
0.3-r1: 0.83
0.3-r10: 5.32
0.3-r100: 26.91
0.5-r1: 0.62
0.5-r10: 4.41
0.5-r100: 22.04
0.7-r1: 0.22
0.7-r10: 2.2
0.7-r100: 12.18
vcmr_sum_score: 110.43
****************************************

The checkpoint file has been updated.
use train_epoch func for training: True
************************************************************
******************** Eval epoch: 12********************
score_sum:
 * Text to Video:
 * r_1_5_10_100, medr, meanr: [1.3, 5.4, 9.8, 46.3]
 * recall sum: 62.7
 * mAP: 0.0456
 * ----------
----------------------------------------
VCMR results:
0.1-r1: 1.05
0.1-r10: 6.48
0.1-r100: 30.75
0.3-r1: 0.97
0.3-r10: 5.91
0.3-r100: 28.47
0.5-r1: 0.75
0.5-r10: 4.84
0.5-r100: 23.71
0.7-r1: 0.32
0.7-r10: 2.61
0.7-r100: 13.15
vcmr_sum_score: 119.01
****************************************

The checkpoint file has been updated.
use train_epoch func for training: True
************************************************************
******************** Eval epoch: 13********************
score_sum:
 * Text to Video:
 * r_1_5_10_100, medr, meanr: [1.7, 5.0, 9.4, 45.9]
 * recall sum: 61.9
 * mAP: 0.0472
 * ----------
----------------------------------------
VCMR results:
0.1-r1: 1.1
0.1-r10: 6.64
0.1-r100: 30.73
0.3-r1: 1.1
0.3-r10: 6.16
0.3-r100: 28.58
0.5-r1: 0.91
0.5-r10: 5.19
0.5-r100: 23.87
0.7-r1: 0.4
0.7-r10: 2.9
0.7-r100: 13.06
vcmr_sum_score: 120.64000000000001
****************************************

The checkpoint file has been updated.
use train_epoch func for training: True
************************************************************
******************** Eval epoch: 14********************
score_sum:
 * Text to Video:
 * r_1_5_10_100, medr, meanr: [1.7, 5.2, 9.6, 47.3]
 * recall sum: 63.8
 * mAP: 0.0477
 * ----------
----------------------------------------
VCMR results:
0.1-r1: 1.21
0.1-r10: 6.8
0.1-r100: 32.39
0.3-r1: 1.13
0.3-r10: 6.34
0.3-r100: 29.62
0.5-r1: 0.94
0.5-r10: 5.19
0.5-r100: 24.25
0.7-r1: 0.54
0.7-r10: 3.04
0.7-r100: 13.55
vcmr_sum_score: 125.00000000000001
****************************************

The checkpoint file has been updated.
use train_epoch func for training: True
************************************************************
******************** Eval epoch: 15********************
score_sum:
 * Text to Video:
 * r_1_5_10_100, medr, meanr: [1.7, 5.5, 10.1, 47.2]
 * recall sum: 64.5
 * mAP: 0.0499
 * ----------
----------------------------------------
VCMR results:
0.1-r1: 1.1
0.1-r10: 6.59
0.1-r100: 32.31
0.3-r1: 1.08
0.3-r10: 6.21
0.3-r100: 30.19
0.5-r1: 0.86
0.5-r10: 5.22
0.5-r100: 24.3
0.7-r1: 0.38
0.7-r10: 3.06
0.7-r100: 13.76
vcmr_sum_score: 125.06
****************************************

The checkpoint file has been updated.
use train_epoch func for training: True
************************************************************
******************** Eval epoch: 16********************
score_sum:
 * Text to Video:
 * r_1_5_10_100, medr, meanr: [1.8, 5.6, 10.2, 47.6]
 * recall sum: 65.2
 * mAP: 0.0512
 * ----------
----------------------------------------
VCMR results:
0.1-r1: 1.18
0.1-r10: 7.2
0.1-r100: 32.77
0.3-r1: 1.13
0.3-r10: 6.69
0.3-r100: 30.32
0.5-r1: 0.89
0.5-r10: 5.32
0.5-r100: 24.52
0.7-r1: 0.43
0.7-r10: 3.15
0.7-r100: 13.76
vcmr_sum_score: 127.36000000000001
****************************************

The checkpoint file has been updated.
use train_epoch func for training: True
************************************************************
******************** Eval epoch: 17********************
score_sum:
 * Text to Video:
 * r_1_5_10_100, medr, meanr: [1.7, 5.7, 10.2, 47.1]
 * recall sum: 64.7
 * mAP: 0.0505
 * ----------
----------------------------------------
VCMR results:
0.1-r1: 1.45
0.1-r10: 6.8
0.1-r100: 32.9
0.3-r1: 1.42
0.3-r10: 6.4
0.3-r100: 30.43
0.5-r1: 1.26
0.5-r10: 5.24
0.5-r100: 24.46
0.7-r1: 0.67
0.7-r10: 3.04
0.7-r100: 13.49
vcmr_sum_score: 127.56000000000002
****************************************

The checkpoint file has been updated.
use train_epoch func for training: True
************************************************************
******************** Eval epoch: 18********************
score_sum:
 * Text to Video:
 * r_1_5_10_100, medr, meanr: [1.7, 5.6, 10.5, 47.2]
 * recall sum: 65.0
 * mAP: 0.05
 * ----------
----------------------------------------
VCMR results:
0.1-r1: 1.18
0.1-r10: 7.55
0.1-r100: 33.31
0.3-r1: 1.1
0.3-r10: 6.94
0.3-r100: 30.78
0.5-r1: 0.91
0.5-r10: 5.59
0.5-r100: 24.95
0.7-r1: 0.35
0.7-r10: 3.39
0.7-r100: 13.6
vcmr_sum_score: 129.65
****************************************

The checkpoint file has been updated.
use train_epoch func for training: True
************************************************************
******************** Eval epoch: 19********************
score_sum:
 * Text to Video:
 * r_1_5_10_100, medr, meanr: [1.8, 5.9, 10.9, 47.5]
 * recall sum: 66.1
 * mAP: 0.0515
 * ----------
----------------------------------------
VCMR results:
0.1-r1: 1.4
0.1-r10: 7.37
0.1-r100: 33.36
0.3-r1: 1.26
0.3-r10: 6.77
0.3-r100: 30.91
0.5-r1: 0.99
0.5-r10: 5.56
0.5-r100: 25.48
0.7-r1: 0.43
0.7-r10: 3.25
0.7-r100: 14.3
vcmr_sum_score: 131.08
****************************************

The checkpoint file has been updated.
use train_epoch func for training: True
************************************************************
******************** Eval epoch: 20********************
score_sum:
 * Text to Video:
 * r_1_5_10_100, medr, meanr: [1.9, 6.7, 11.4, 48.8]
 * recall sum: 68.9
 * mAP: 0.055
 * ----------
----------------------------------------
VCMR results:
0.1-r1: 1.32
0.1-r10: 8.06
0.1-r100: 34.46
0.3-r1: 1.21
0.3-r10: 7.28
0.3-r100: 31.96
0.5-r1: 0.99
0.5-r10: 6.02
0.5-r100: 26.51
0.7-r1: 0.46
0.7-r10: 3.41
0.7-r100: 14.87
vcmr_sum_score: 136.54999999999998
****************************************

The checkpoint file has been updated.
use train_epoch func for training: True
************************************************************
******************** Eval epoch: 21********************
score_sum:
 * Text to Video:
 * r_1_5_10_100, medr, meanr: [2.0, 6.6, 11.3, 48.8]
 * recall sum: 68.7
 * mAP: 0.0556
 * ----------
----------------------------------------
VCMR results:
0.1-r1: 1.34
0.1-r10: 8.31
0.1-r100: 34.3
0.3-r1: 1.26
0.3-r10: 7.58
0.3-r100: 31.37
0.5-r1: 1.02
0.5-r10: 6.32
0.5-r100: 26.16
0.7-r1: 0.46
0.7-r10: 3.71
0.7-r100: 14.14
vcmr_sum_score: 135.96999999999997
****************************************

use train_epoch func for training: True
************************************************************
******************** Eval epoch: 22********************
score_sum:
 * Text to Video:
 * r_1_5_10_100, medr, meanr: [1.7, 7.0, 12.4, 48.7]
 * recall sum: 69.9
 * mAP: 0.0549
 * ----------
----------------------------------------
VCMR results:
0.1-r1: 1.53
0.1-r10: 8.6
0.1-r100: 34.95
0.3-r1: 1.42
0.3-r10: 7.9
0.3-r100: 32.39
0.5-r1: 1.05
0.5-r10: 6.48
0.5-r100: 26.42
0.7-r1: 0.46
0.7-r10: 3.47
0.7-r100: 14.27
vcmr_sum_score: 138.94
****************************************

use train_epoch func for training: True
************************************************************
******************** Eval epoch: 23********************
score_sum:
 * Text to Video:
 * r_1_5_10_100, medr, meanr: [1.9, 6.7, 12.3, 48.8]
 * recall sum: 69.7
 * mAP: 0.0558
 * ----------
----------------------------------------
VCMR results:
0.1-r1: 1.48
0.1-r10: 8.66
0.1-r100: 35.7
0.3-r1: 1.42
0.3-r10: 7.88
0.3-r100: 33.09
0.5-r1: 1.1
0.5-r10: 6.48
0.5-r100: 26.61
0.7-r1: 0.59
0.7-r10: 3.74
0.7-r100: 14.97
vcmr_sum_score: 141.72000000000003
****************************************

The checkpoint file has been updated.
use train_epoch func for training: True
************************************************************
******************** Eval epoch: 24********************
score_sum:
 * Text to Video:
 * r_1_5_10_100, medr, meanr: [1.8, 7.2, 12.3, 48.7]
 * recall sum: 70.0
 * mAP: 0.0559
 * ----------
----------------------------------------
VCMR results:
0.1-r1: 1.42
0.1-r10: 8.6
0.1-r100: 34.95
0.3-r1: 1.37
0.3-r10: 8.09
0.3-r100: 32.45
0.5-r1: 1.08
0.5-r10: 6.67
0.5-r100: 25.48
0.7-r1: 0.54
0.7-r10: 3.82
0.7-r100: 14.11
vcmr_sum_score: 138.57999999999998
****************************************

use train_epoch func for training: True
************************************************************
******************** Eval epoch: 25********************
score_sum:
 * Text to Video:
 * r_1_5_10_100, medr, meanr: [2.1, 6.9, 12.1, 48.7]
 * recall sum: 69.8
 * mAP: 0.0569
 * ----------
----------------------------------------
VCMR results:
0.1-r1: 1.51
0.1-r10: 8.84
0.1-r100: 34.62
0.3-r1: 1.34
0.3-r10: 8.12
0.3-r100: 31.99
0.5-r1: 1.08
0.5-r10: 6.64
0.5-r100: 25.38
0.7-r1: 0.59
0.7-r10: 3.92
0.7-r100: 14.41
vcmr_sum_score: 138.44
****************************************

use train_epoch func for training: True
************************************************************
******************** Eval epoch: 26********************
score_sum:
 * Text to Video:
 * r_1_5_10_100, medr, meanr: [2.3, 7.1, 12.3, 48.8]
 * recall sum: 70.4
 * mAP: 0.0591
 * ----------
----------------------------------------
VCMR results:
0.1-r1: 1.72
0.1-r10: 9.06
0.1-r100: 34.44
0.3-r1: 1.56
0.3-r10: 8.36
0.3-r100: 31.75
0.5-r1: 1.18
0.5-r10: 6.96
0.5-r100: 25.16
0.7-r1: 0.51
0.7-r10: 4.03
0.7-r100: 14.03
vcmr_sum_score: 138.76
****************************************

use train_epoch func for training: True
************************************************************
******************** Eval epoch: 27********************
score_sum:
 * Text to Video:
 * r_1_5_10_100, medr, meanr: [2.1, 7.1, 12.6, 48.4]
 * recall sum: 70.2
 * mAP: 0.0585
 * ----------
----------------------------------------
VCMR results:
0.1-r1: 1.61
0.1-r10: 8.68
0.1-r100: 34.97
0.3-r1: 1.51
0.3-r10: 7.98
0.3-r100: 32.15
0.5-r1: 1.18
0.5-r10: 6.69
0.5-r100: 25.7
0.7-r1: 0.59
0.7-r10: 4.11
0.7-r100: 14.41
vcmr_sum_score: 139.58
****************************************

use train_epoch func for training: True
************************************************************
******************** Eval epoch: 28********************
score_sum:
 * Text to Video:
 * r_1_5_10_100, medr, meanr: [2.1, 7.2, 12.6, 48.7]
 * recall sum: 70.5
 * mAP: 0.0584
 * ----------
----------------------------------------
VCMR results:
0.1-r1: 1.48
0.1-r10: 9.06
0.1-r100: 35.05
0.3-r1: 1.4
0.3-r10: 8.17
0.3-r100: 32.04
0.5-r1: 1.1
0.5-r10: 6.77
0.5-r100: 25.56
0.7-r1: 0.59
0.7-r10: 4.27
0.7-r100: 14.46
vcmr_sum_score: 139.95
****************************************

use train_epoch func for training: True
************************************************************
******************** Eval epoch: 29********************
score_sum:
 * Text to Video:
 * r_1_5_10_100, medr, meanr: [2.0, 7.4, 12.4, 48.4]
 * recall sum: 70.2
 * mAP: 0.0575
 * ----------
----------------------------------------
VCMR results:
0.1-r1: 1.51
0.1-r10: 9.09
0.1-r100: 34.3
0.3-r1: 1.37
0.3-r10: 8.25
0.3-r100: 31.37
0.5-r1: 1.13
0.5-r10: 6.69
0.5-r100: 24.89
0.7-r1: 0.59
0.7-r10: 4.09
0.7-r100: 14.06
vcmr_sum_score: 137.34
****************************************

use train_epoch func for training: True
************************************************************
******************** Eval epoch: 30********************
score_sum:
 * Text to Video:
 * r_1_5_10_100, medr, meanr: [2.3, 7.5, 12.7, 49.3]
 * recall sum: 71.8
 * mAP: 0.0604
 * ----------
----------------------------------------
VCMR results:
0.1-r1: 1.45
0.1-r10: 9.41
0.1-r100: 34.73
0.3-r1: 1.37
0.3-r10: 8.6
0.3-r100: 31.59
0.5-r1: 1.24
0.5-r10: 7.23
0.5-r100: 25.73
0.7-r1: 0.62
0.7-r10: 4.33
0.7-r100: 14.49
vcmr_sum_score: 140.79
****************************************

The checkpoint file has been updated.
use train_epoch func for training: True
************************************************************
******************** Eval epoch: 31********************
score_sum:
 * Text to Video:
 * r_1_5_10_100, medr, meanr: [1.8, 7.7, 12.4, 48.5]
 * recall sum: 70.3
 * mAP: 0.0569
 * ----------
----------------------------------------
VCMR results:
0.1-r1: 1.59
0.1-r10: 9.03
0.1-r100: 33.66
0.3-r1: 1.51
0.3-r10: 8.33
0.3-r100: 30.7
0.5-r1: 1.18
0.5-r10: 6.8
0.5-r100: 24.52
0.7-r1: 0.73
0.7-r10: 4.09
0.7-r100: 14.03
vcmr_sum_score: 136.17
****************************************

use train_epoch func for training: True
************************************************************
******************** Eval epoch: 32********************
score_sum:
 * Text to Video:
 * r_1_5_10_100, medr, meanr: [2.0, 7.5, 12.6, 48.5]
 * recall sum: 70.7
 * mAP: 0.0589
 * ----------
----------------------------------------
VCMR results:
0.1-r1: 1.72
0.1-r10: 9.09
0.1-r100: 34.52
0.3-r1: 1.59
0.3-r10: 8.36
0.3-r100: 31.51
0.5-r1: 1.34
0.5-r10: 6.94
0.5-r100: 25.03
0.7-r1: 0.78
0.7-r10: 4.25
0.7-r100: 13.84
vcmr_sum_score: 138.97
****************************************

use train_epoch func for training: True
************************************************************
******************** Eval epoch: 33********************
score_sum:
 * Text to Video:
 * r_1_5_10_100, medr, meanr: [2.0, 7.6, 12.6, 48.8]
 * recall sum: 71.0
 * mAP: 0.059
 * ----------
----------------------------------------
VCMR results:
0.1-r1: 1.69
0.1-r10: 9.03
0.1-r100: 34.11
0.3-r1: 1.53
0.3-r10: 8.25
0.3-r100: 30.62
0.5-r1: 1.29
0.5-r10: 6.75
0.5-r100: 24.65
0.7-r1: 0.75
0.7-r10: 4.01
0.7-r100: 13.55
vcmr_sum_score: 136.23000000000002
****************************************

use train_epoch func for training: True
************************************************************
******************** Eval epoch: 34********************
score_sum:
 * Text to Video:
 * r_1_5_10_100, medr, meanr: [1.9, 7.9, 13.0, 48.5]
 * recall sum: 71.4
 * mAP: 0.0588
 * ----------
----------------------------------------
VCMR results:
0.1-r1: 1.59
0.1-r10: 9.44
0.1-r100: 33.98
0.3-r1: 1.42
0.3-r10: 8.52
0.3-r100: 30.7
0.5-r1: 1.18
0.5-r10: 6.85
0.5-r100: 24.27
0.7-r1: 0.73
0.7-r10: 3.98
0.7-r100: 13.31
vcmr_sum_score: 135.97
****************************************

use train_epoch func for training: True
************************************************************
******************** Eval epoch: 35********************
score_sum:
 * Text to Video:
 * r_1_5_10_100, medr, meanr: [1.8, 7.6, 12.6, 48.1]
 * recall sum: 70.1
 * mAP: 0.0583
 * ----------
----------------------------------------
VCMR results:
0.1-r1: 1.69
0.1-r10: 9.19
0.1-r100: 33.98
0.3-r1: 1.59
0.3-r10: 8.49
0.3-r100: 31.08
0.5-r1: 1.24
0.5-r10: 6.88
0.5-r100: 24.57
0.7-r1: 0.78
0.7-r10: 3.98
0.7-r100: 13.87
vcmr_sum_score: 137.34
****************************************

use train_epoch func for training: True
************************************************************
******************** Eval epoch: 36********************
score_sum:
 * Text to Video:
 * r_1_5_10_100, medr, meanr: [2.0, 7.6, 13.0, 48.6]
 * recall sum: 71.2
 * mAP: 0.0589
 * ----------
----------------------------------------
VCMR results:
0.1-r1: 1.72
0.1-r10: 8.84
0.1-r100: 33.6
0.3-r1: 1.56
0.3-r10: 8.09
0.3-r100: 30.3
0.5-r1: 1.29
0.5-r10: 6.69
0.5-r100: 24.27
0.7-r1: 0.73
0.7-r10: 3.92
0.7-r100: 13.09
vcmr_sum_score: 134.1
****************************************

use train_epoch func for training: True
************************************************************
******************** Eval epoch: 37********************
score_sum:
 * Text to Video:
 * r_1_5_10_100, medr, meanr: [1.9, 7.2, 12.4, 48.3]
 * recall sum: 69.9
 * mAP: 0.0577
 * ----------
----------------------------------------
VCMR results:
0.1-r1: 1.59
0.1-r10: 9.06
0.1-r100: 33.68
0.3-r1: 1.4
0.3-r10: 8.31
0.3-r100: 30.73
0.5-r1: 1.05
0.5-r10: 6.88
0.5-r100: 24.7
0.7-r1: 0.59
0.7-r10: 3.87
0.7-r100: 13.52
vcmr_sum_score: 135.38
****************************************

use train_epoch func for training: True
************************************************************
******************** Eval epoch: 38********************
score_sum:
 * Text to Video:
 * r_1_5_10_100, medr, meanr: [2.2, 7.6, 12.7, 48.1]
 * recall sum: 70.5
 * mAP: 0.0598
 * ----------
----------------------------------------
VCMR results:
0.1-r1: 1.75
0.1-r10: 8.87
0.1-r100: 34.17
0.3-r1: 1.59
0.3-r10: 8.17
0.3-r100: 30.94
0.5-r1: 1.18
0.5-r10: 6.51
0.5-r100: 24.68
0.7-r1: 0.73
0.7-r10: 3.63
0.7-r100: 13.66
vcmr_sum_score: 135.88000000000002
****************************************

use train_epoch func for training: True
************************************************************
******************** Eval epoch: 39********************
score_sum:
 * Text to Video:
 * r_1_5_10_100, medr, meanr: [2.3, 7.4, 12.4, 47.9]
 * recall sum: 70.0
 * mAP: 0.0597
 * ----------
----------------------------------------
VCMR results:
0.1-r1: 1.61
0.1-r10: 8.55
0.1-r100: 33.9
0.3-r1: 1.42
0.3-r10: 7.85
0.3-r100: 30.51
0.5-r1: 1.05
0.5-r10: 6.34
0.5-r100: 24.27
0.7-r1: 0.62
0.7-r10: 3.63
0.7-r100: 13.36
vcmr_sum_score: 133.11
****************************************

use train_epoch func for training: True
************************************************************
******************** Eval epoch: 40********************
score_sum:
 * Text to Video:
 * r_1_5_10_100, medr, meanr: [2.1, 7.6, 12.7, 48.3]
 * recall sum: 70.7
 * mAP: 0.0588
 * ----------
----------------------------------------
VCMR results:
0.1-r1: 1.72
0.1-r10: 8.76
0.1-r100: 32.96
0.3-r1: 1.59
0.3-r10: 8.06
0.3-r100: 29.87
0.5-r1: 1.26
0.5-r10: 6.4
0.5-r100: 23.55
0.7-r1: 0.75
0.7-r10: 3.87
0.7-r100: 13.09
vcmr_sum_score: 131.88000000000002
****************************************

use train_epoch func for training: True
************************************************************
******************** Eval epoch: 41********************
score_sum:
 * Text to Video:
 * r_1_5_10_100, medr, meanr: [2.0, 7.5, 12.3, 48.6]
 * recall sum: 70.4
 * mAP: 0.0578
 * ----------
----------------------------------------
VCMR results:
0.1-r1: 1.8
0.1-r10: 8.52
0.1-r100: 33.76
0.3-r1: 1.59
0.3-r10: 7.82
0.3-r100: 30.65
0.5-r1: 1.29
0.5-r10: 6.24
0.5-r100: 24.33
0.7-r1: 0.86
0.7-r10: 3.55
0.7-r100: 13.58
vcmr_sum_score: 133.99
****************************************




FINISHED TRAINING!!!
Evaluating model in 2024_09_02_14_40_13-charades-fawl
Input args ['--collection', 'charades', '--visual_feature', 'i3d_rgb_lgi', '--root_path', 'data/', '--dset_name', 'charades', '--exp_id', 'fawl', '--clip_scale_w', '0.4', '--frame_scale_w', '0.6', '--device_ids', '1', '--eval_context_bsz', '500', '--eval_query_bsz', '500', '--margin', '0.2', '--num_gauss_center', '16', '--intra_margin', '0.2', '--max_ctx_l', '64', '--warmup_epoch', '7', '--alpha4', '1', '--alpha5', '1']
Setup config, data and model...
Loaded model saved at epoch 30 from checkpoint: data/charades/results/VCMR/2024_09_02_14_40_13-charades-fawl/model.ckpt
CUDA enabled.
Starting inference...
************************************************************
******************** Eval epoch: 999********************
score_sum:
 * Text to Video:
 * r_1_5_10_100, medr, meanr: [2.3, 7.5, 12.7, 49.3]
 * recall sum: 71.8
 * mAP: 0.0604
 * ----------
----------------------------------------
VCMR results:
0.1-r1: 1.45
0.1-r10: 9.41
0.1-r100: 34.73
0.3-r1: 1.37
0.3-r10: 8.6
0.3-r100: 31.59
0.5-r1: 1.24
0.5-r10: 7.23
0.5-r100: 25.73
0.7-r1: 0.62
0.7-r10: 4.33
0.7-r100: 14.49
vcmr_sum_score: 140.79
****************************************

